use strict added to /home/mishin/github/Memcached-libmemcached/lib/Memcached/libmemcached/API.pm
use strict added to /home/mishin/github/Memcached-libmemcached/lib/Memcached/libmemcached/constants.pm
use strict added to /home/mishin/github/Memcached-libmemcached/lib/Memcached/libmemcached/memcached_analyze.pm
use strict added to /home/mishin/github/Memcached-libmemcached/lib/Memcached/libmemcached/memcached_auto.pm
use strict added to /home/mishin/github/Memcached-libmemcached/lib/Memcached/libmemcached/memcached_behavior.pm
use strict added to /home/mishin/github/Memcached-libmemcached/lib/Memcached/libmemcached/memcached_callback.pm
use strict added to /home/mishin/github/Memcached-libmemcached/lib/Memcached/libmemcached/memcached_create.pm
use strict added to /home/mishin/github/Memcached-libmemcached/lib/Memcached/libmemcached/memcached_delete.pm
use strict added to /home/mishin/github/Memcached-libmemcached/lib/Memcached/libmemcached/memcached_dump.pm
use strict added to /home/mishin/github/Memcached-libmemcached/lib/Memcached/libmemcached/memcached_flush.pm
use strict added to /home/mishin/github/Memcached-libmemcached/lib/Memcached/libmemcached/memcached_flush_buffers.pm
use strict added to /home/mishin/github/Memcached-libmemcached/lib/Memcached/libmemcached/memcached_generate_hash_value.pm
use strict added to /home/mishin/github/Memcached-libmemcached/lib/Memcached/libmemcached/memcached_get.pm
use strict added to /home/mishin/github/Memcached-libmemcached/lib/Memcached/libmemcached/memcached_memory_allocators.pm
use strict added to /home/mishin/github/Memcached-libmemcached/lib/Memcached/libmemcached/memcached_pool.pm
use strict added to /home/mishin/github/Memcached-libmemcached/lib/Memcached/libmemcached/memcached_quit.pm
use strict added to /home/mishin/github/Memcached-libmemcached/lib/Memcached/libmemcached/memcached_result_st.pm
use strict added to /home/mishin/github/Memcached-libmemcached/lib/Memcached/libmemcached/memcached_sasl.pm
use strict added to /home/mishin/github/Memcached-libmemcached/lib/Memcached/libmemcached/memcached_server_st.pm
use strict added to /home/mishin/github/Memcached-libmemcached/lib/Memcached/libmemcached/memcached_servers.pm
use strict added to /home/mishin/github/Memcached-libmemcached/lib/Memcached/libmemcached/memcached_set.pm
use strict added to /home/mishin/github/Memcached-libmemcached/lib/Memcached/libmemcached/memcached_stats.pm
use strict added to /home/mishin/github/Memcached-libmemcached/lib/Memcached/libmemcached/memcached_strerror.pm
use strict added to /home/mishin/github/Memcached-libmemcached/lib/Memcached/libmemcached/memcached_user_data.pm
use strict added to /home/mishin/github/Memcached-libmemcached/lib/Memcached/libmemcached/memcached_verbosity.pm
use strict added to /home/mishin/github/Memcached-libmemcached/lib/Memcached/libmemcached/memcached_version.pm
